<?xml version="1.0"?>
<configuration xmlns:xsi="http://www.w3.org/2001/XMLSchema-instance" xsi:schemaLocation="http://www.exoplaform.org/xml/ns/kernel_1_0.xsd http://www.exoplaform.org/xml/ns/kernel_1_0.xsd" xmlns="http://www.exoplaform.org/xml/ns/kernel_1_0.xsd">
   <component>
      <type>org.everrest.exoplatform.ExoResourcesTest$MessageProvider</type>
   </component>
   <component>
      <type>org.everrest.exoplatform.ExoResourcesTest$Resource</type>
   </component>
   <component>
      <type>org.everrest.exoplatform.ExoResourcesTest$Application0</type>
   </component>
</configuration>